<?xml version="1.0" encoding="UTF-8"?>
<testng-results skipped="0" failed="0" ignored="0" total="1" passed="1">
  <reporter-output>
  </reporter-output>
  <suite name="Default suite" duration-ms="168" started-at="2018-02-06T16:17:26Z" finished-at="2018-02-06T16:17:26Z">
    <groups>
    </groups>
    <test name="Default test" duration-ms="168" started-at="2018-02-06T16:17:26Z" finished-at="2018-02-06T16:17:26Z">
      <class name="DriverUtil.Initialization">
        <test-method status="PASS" signature="beforeTest()[pri:0, instance:DriverUtil.Initialization@1bce4f0a]" name="beforeTest" is-config="true" duration-ms="40" started-at="2018-02-06T21:47:26Z" finished-at="2018-02-06T21:47:26Z">
          <reporter-output>
          </reporter-output>
        </test-method> <!-- beforeTest -->
        <test-method status="PASS" signature="f()[pri:0, instance:DriverUtil.Initialization@1bce4f0a]" name="f" duration-ms="31" started-at="2018-02-06T21:47:26Z" finished-at="2018-02-06T21:47:26Z">
          <reporter-output>
          </reporter-output>
        </test-method> <!-- f -->
        <test-method status="PASS" signature="afterTest()[pri:0, instance:DriverUtil.Initialization@1bce4f0a]" name="afterTest" is-config="true" duration-ms="1" started-at="2018-02-06T21:47:26Z" finished-at="2018-02-06T21:47:26Z">
          <reporter-output>
          </reporter-output>
        </test-method> <!-- afterTest -->
      </class> <!-- DriverUtil.Initialization -->
    </test> <!-- Default test -->
  </suite> <!-- Default suite -->
</testng-results>
